<?xml version="1.0" encoding="UTF-8"?>
<testng-results skipped="4" failed="0" ignored="0" total="6" passed="2">
  <reporter-output>
  </reporter-output>
  <suite name="Default suite" duration-ms="60246" started-at="2017-12-16T15:40:08Z" finished-at="2017-12-16T15:41:08Z">
    <groups>
    </groups>
    <test name="Default test" duration-ms="60246" started-at="2017-12-16T15:40:08Z" finished-at="2017-12-16T15:41:08Z">
      <class name="com.redbusprojects.testcases.TC_001LoginPage">
        <test-method status="SKIP" signature="loginpagetestcase(java.util.Hashtable)[pri:0, instance:com.redbusprojects.testcases.TC_001LoginPage@29774679]" name="loginpagetestcase" duration-ms="20" started-at="2017-12-16T21:10:09Z" data-provider="getData" finished-at="2017-12-16T21:10:09Z">
          <params>
            <param index="0">
              <value>
                <![CDATA[{Status=SKIP, Password=, Runmode=N, Expected_Result=Enter your email id or mobile number, Email=}]]>
              </value>
            </param>
          </params>
          <exception class="org.testng.SkipException">
            <message>
              <![CDATA[this is test data rumode is no]]>
            </message>
            <full-stacktrace>
              <![CDATA[org.testng.SkipException: this is test data rumode is no
	at com.redbusprojects.testcases.TC_001LoginPage.loginpagetestcase(TC_001LoginPage.java:23)
	at sun.reflect.NativeMethodAccessorImpl.invoke0(Native Method)
	at sun.reflect.NativeMethodAccessorImpl.invoke(NativeMethodAccessorImpl.java:62)
	at sun.reflect.DelegatingMethodAccessorImpl.invoke(DelegatingMethodAccessorImpl.java:43)
	at java.lang.reflect.Method.invoke(Method.java:497)
	at org.testng.internal.MethodInvocationHelper.invokeMethod(MethodInvocationHelper.java:104)
	at org.testng.internal.Invoker.invokeMethod(Invoker.java:645)
	at org.testng.internal.Invoker.invokeTestMethod(Invoker.java:851)
	at org.testng.internal.Invoker.invokeTestMethods(Invoker.java:1177)
	at org.testng.internal.TestMethodWorker.invokeTestMethods(TestMethodWorker.java:129)
	at org.testng.internal.TestMethodWorker.run(TestMethodWorker.java:112)
	at org.testng.TestRunner.privateRun(TestRunner.java:756)
	at org.testng.TestRunner.run(TestRunner.java:610)
	at org.testng.SuiteRunner.runTest(SuiteRunner.java:387)
	at org.testng.SuiteRunner.runSequentially(SuiteRunner.java:382)
	at org.testng.SuiteRunner.privateRun(SuiteRunner.java:340)
	at org.testng.SuiteRunner.run(SuiteRunner.java:289)
	at org.testng.SuiteRunnerWorker.runSuite(SuiteRunnerWorker.java:52)
	at org.testng.SuiteRunnerWorker.run(SuiteRunnerWorker.java:86)
	at org.testng.TestNG.runSuitesSequentially(TestNG.java:1293)
	at org.testng.TestNG.runSuitesLocally(TestNG.java:1218)
	at org.testng.TestNG.runSuites(TestNG.java:1133)
	at org.testng.TestNG.run(TestNG.java:1104)
	at org.testng.remote.AbstractRemoteTestNG.run(AbstractRemoteTestNG.java:114)
	at org.testng.remote.RemoteTestNG.initAndRun(RemoteTestNG.java:251)
	at org.testng.remote.RemoteTestNG.main(RemoteTestNG.java:77)
]]>
            </full-stacktrace>
          </exception> <!-- org.testng.SkipException -->
          <reporter-output>
          </reporter-output>
        </test-method> <!-- loginpagetestcase -->
        <test-method status="SKIP" signature="loginpagetestcase(java.util.Hashtable)[pri:0, instance:com.redbusprojects.testcases.TC_001LoginPage@29774679]" name="loginpagetestcase" duration-ms="2" started-at="2017-12-16T21:10:09Z" data-provider="getData" finished-at="2017-12-16T21:10:09Z">
          <params>
            <param index="0">
              <value>
                <![CDATA[{Status=SKIP, Password=hjkhjhdjd^7, Runmode=N, Expected_Result=Incorrect username. Please try again, Email=test@yopmail.com}]]>
              </value>
            </param>
          </params>
          <exception class="org.testng.SkipException">
            <message>
              <![CDATA[this is test data rumode is no]]>
            </message>
            <full-stacktrace>
              <![CDATA[org.testng.SkipException: this is test data rumode is no
	at com.redbusprojects.testcases.TC_001LoginPage.loginpagetestcase(TC_001LoginPage.java:23)
	at sun.reflect.NativeMethodAccessorImpl.invoke0(Native Method)
	at sun.reflect.NativeMethodAccessorImpl.invoke(NativeMethodAccessorImpl.java:62)
	at sun.reflect.DelegatingMethodAccessorImpl.invoke(DelegatingMethodAccessorImpl.java:43)
	at java.lang.reflect.Method.invoke(Method.java:497)
	at org.testng.internal.MethodInvocationHelper.invokeMethod(MethodInvocationHelper.java:104)
	at org.testng.internal.Invoker.invokeMethod(Invoker.java:645)
	at org.testng.internal.Invoker.invokeTestMethod(Invoker.java:851)
	at org.testng.internal.Invoker.invokeTestMethods(Invoker.java:1177)
	at org.testng.internal.TestMethodWorker.invokeTestMethods(TestMethodWorker.java:129)
	at org.testng.internal.TestMethodWorker.run(TestMethodWorker.java:112)
	at org.testng.TestRunner.privateRun(TestRunner.java:756)
	at org.testng.TestRunner.run(TestRunner.java:610)
	at org.testng.SuiteRunner.runTest(SuiteRunner.java:387)
	at org.testng.SuiteRunner.runSequentially(SuiteRunner.java:382)
	at org.testng.SuiteRunner.privateRun(SuiteRunner.java:340)
	at org.testng.SuiteRunner.run(SuiteRunner.java:289)
	at org.testng.SuiteRunnerWorker.runSuite(SuiteRunnerWorker.java:52)
	at org.testng.SuiteRunnerWorker.run(SuiteRunnerWorker.java:86)
	at org.testng.TestNG.runSuitesSequentially(TestNG.java:1293)
	at org.testng.TestNG.runSuitesLocally(TestNG.java:1218)
	at org.testng.TestNG.runSuites(TestNG.java:1133)
	at org.testng.TestNG.run(TestNG.java:1104)
	at org.testng.remote.AbstractRemoteTestNG.run(AbstractRemoteTestNG.java:114)
	at org.testng.remote.RemoteTestNG.initAndRun(RemoteTestNG.java:251)
	at org.testng.remote.RemoteTestNG.main(RemoteTestNG.java:77)
]]>
            </full-stacktrace>
          </exception> <!-- org.testng.SkipException -->
          <reporter-output>
          </reporter-output>
        </test-method> <!-- loginpagetestcase -->
        <test-method status="SKIP" signature="loginpagetestcase(java.util.Hashtable)[pri:0, instance:com.redbusprojects.testcases.TC_001LoginPage@29774679]" name="loginpagetestcase" duration-ms="3" started-at="2017-12-16T21:10:09Z" data-provider="getData" finished-at="2017-12-16T21:10:09Z">
          <params>
            <param index="0">
              <value>
                <![CDATA[{Status=SKIP, Password=jakay07@, Runmode=N, Expected_Result=Valid Email DID NOT CHECK, Email=jakay507@gmail.com}]]>
              </value>
            </param>
          </params>
          <exception class="org.testng.SkipException">
            <message>
              <![CDATA[this is test data rumode is no]]>
            </message>
            <full-stacktrace>
              <![CDATA[org.testng.SkipException: this is test data rumode is no
	at com.redbusprojects.testcases.TC_001LoginPage.loginpagetestcase(TC_001LoginPage.java:23)
	at sun.reflect.NativeMethodAccessorImpl.invoke0(Native Method)
	at sun.reflect.NativeMethodAccessorImpl.invoke(NativeMethodAccessorImpl.java:62)
	at sun.reflect.DelegatingMethodAccessorImpl.invoke(DelegatingMethodAccessorImpl.java:43)
	at java.lang.reflect.Method.invoke(Method.java:497)
	at org.testng.internal.MethodInvocationHelper.invokeMethod(MethodInvocationHelper.java:104)
	at org.testng.internal.Invoker.invokeMethod(Invoker.java:645)
	at org.testng.internal.Invoker.invokeTestMethod(Invoker.java:851)
	at org.testng.internal.Invoker.invokeTestMethods(Invoker.java:1177)
	at org.testng.internal.TestMethodWorker.invokeTestMethods(TestMethodWorker.java:129)
	at org.testng.internal.TestMethodWorker.run(TestMethodWorker.java:112)
	at org.testng.TestRunner.privateRun(TestRunner.java:756)
	at org.testng.TestRunner.run(TestRunner.java:610)
	at org.testng.SuiteRunner.runTest(SuiteRunner.java:387)
	at org.testng.SuiteRunner.runSequentially(SuiteRunner.java:382)
	at org.testng.SuiteRunner.privateRun(SuiteRunner.java:340)
	at org.testng.SuiteRunner.run(SuiteRunner.java:289)
	at org.testng.SuiteRunnerWorker.runSuite(SuiteRunnerWorker.java:52)
	at org.testng.SuiteRunnerWorker.run(SuiteRunnerWorker.java:86)
	at org.testng.TestNG.runSuitesSequentially(TestNG.java:1293)
	at org.testng.TestNG.runSuitesLocally(TestNG.java:1218)
	at org.testng.TestNG.runSuites(TestNG.java:1133)
	at org.testng.TestNG.run(TestNG.java:1104)
	at org.testng.remote.AbstractRemoteTestNG.run(AbstractRemoteTestNG.java:114)
	at org.testng.remote.RemoteTestNG.initAndRun(RemoteTestNG.java:251)
	at org.testng.remote.RemoteTestNG.main(RemoteTestNG.java:77)
]]>
            </full-stacktrace>
          </exception> <!-- org.testng.SkipException -->
          <reporter-output>
          </reporter-output>
        </test-method> <!-- loginpagetestcase -->
        <test-method status="PASS" signature="loginpagetestcase(java.util.Hashtable)[pri:0, instance:com.redbusprojects.testcases.TC_001LoginPage@29774679]" name="loginpagetestcase" duration-ms="48045" started-at="2017-12-16T21:10:09Z" data-provider="getData" finished-at="2017-12-16T21:10:57Z">
          <params>
            <param index="0">
              <value>
                <![CDATA[{Status=PASS, Password=545, Runmode=Y, Expected_Result=Enter your email id or mobile number, Email=}]]>
              </value>
            </param>
          </params>
          <reporter-output>
          </reporter-output>
        </test-method> <!-- loginpagetestcase -->
        <test-method status="PASS" signature="loginpagetestcase(java.util.Hashtable)[pri:0, instance:com.redbusprojects.testcases.TC_001LoginPage@29774679]" name="loginpagetestcase" duration-ms="11434" started-at="2017-12-16T21:10:57Z" data-provider="getData" finished-at="2017-12-16T21:11:08Z">
          <params>
            <param index="0">
              <value>
                <![CDATA[{Status=PASS, Password=, Runmode=Y, Expected_Result=Please enter your password, Email=Jkay@yopmail.com}]]>
              </value>
            </param>
          </params>
          <reporter-output>
          </reporter-output>
        </test-method> <!-- loginpagetestcase -->
        <test-method status="SKIP" signature="loginpagetestcase(java.util.Hashtable)[pri:0, instance:com.redbusprojects.testcases.TC_001LoginPage@29774679]" name="loginpagetestcase" duration-ms="1" started-at="2017-12-16T21:11:08Z" data-provider="getData" finished-at="2017-12-16T21:11:08Z">
          <params>
            <param index="0">
              <value>
                <![CDATA[{Status=SKIP, Password=12345678, Runmode=N, Expected_Result=Incorrect username. Please try again, Email=jakay34@gmail.com}]]>
              </value>
            </param>
          </params>
          <exception class="org.testng.SkipException">
            <message>
              <![CDATA[this is test data rumode is no]]>
            </message>
            <full-stacktrace>
              <![CDATA[org.testng.SkipException: this is test data rumode is no
	at com.redbusprojects.testcases.TC_001LoginPage.loginpagetestcase(TC_001LoginPage.java:23)
	at sun.reflect.NativeMethodAccessorImpl.invoke0(Native Method)
	at sun.reflect.NativeMethodAccessorImpl.invoke(NativeMethodAccessorImpl.java:62)
	at sun.reflect.DelegatingMethodAccessorImpl.invoke(DelegatingMethodAccessorImpl.java:43)
	at java.lang.reflect.Method.invoke(Method.java:497)
	at org.testng.internal.MethodInvocationHelper.invokeMethod(MethodInvocationHelper.java:104)
	at org.testng.internal.Invoker.invokeMethod(Invoker.java:645)
	at org.testng.internal.Invoker.invokeTestMethod(Invoker.java:851)
	at org.testng.internal.Invoker.invokeTestMethods(Invoker.java:1177)
	at org.testng.internal.TestMethodWorker.invokeTestMethods(TestMethodWorker.java:129)
	at org.testng.internal.TestMethodWorker.run(TestMethodWorker.java:112)
	at org.testng.TestRunner.privateRun(TestRunner.java:756)
	at org.testng.TestRunner.run(TestRunner.java:610)
	at org.testng.SuiteRunner.runTest(SuiteRunner.java:387)
	at org.testng.SuiteRunner.runSequentially(SuiteRunner.java:382)
	at org.testng.SuiteRunner.privateRun(SuiteRunner.java:340)
	at org.testng.SuiteRunner.run(SuiteRunner.java:289)
	at org.testng.SuiteRunnerWorker.runSuite(SuiteRunnerWorker.java:52)
	at org.testng.SuiteRunnerWorker.run(SuiteRunnerWorker.java:86)
	at org.testng.TestNG.runSuitesSequentially(TestNG.java:1293)
	at org.testng.TestNG.runSuitesLocally(TestNG.java:1218)
	at org.testng.TestNG.runSuites(TestNG.java:1133)
	at org.testng.TestNG.run(TestNG.java:1104)
	at org.testng.remote.AbstractRemoteTestNG.run(AbstractRemoteTestNG.java:114)
	at org.testng.remote.RemoteTestNG.initAndRun(RemoteTestNG.java:251)
	at org.testng.remote.RemoteTestNG.main(RemoteTestNG.java:77)
]]>
            </full-stacktrace>
          </exception> <!-- org.testng.SkipException -->
          <reporter-output>
          </reporter-output>
        </test-method> <!-- loginpagetestcase -->
      </class> <!-- com.redbusprojects.testcases.TC_001LoginPage -->
    </test> <!-- Default test -->
  </suite> <!-- Default suite -->
</testng-results>
